<?xml version="1.0" encoding="UTF-8"?>
<testng-results ignored="0" total="1" passed="1" failed="0" skipped="0">
  <reporter-output>
  </reporter-output>
  <suite started-at="2023-06-16T14:19:31 IST" name="Default suite" finished-at="2023-06-16T14:20:31 IST" duration-ms="60442">
    <groups>
    </groups>
    <test started-at="2023-06-16T14:19:31 IST" name="Default test" finished-at="2023-06-16T14:20:31 IST" duration-ms="60442">
      <class name="com.goodreads.testscript.BookModule">
        <test-method is-config="true" signature="openBrowser()[pri:0, instance:com.goodreads.testscript.BookModule@1ed1993a]" started-at="2023-06-16T14:19:31 IST" name="openBrowser" finished-at="2023-06-16T14:19:32 IST" duration-ms="1472" status="PASS">
          <reporter-output>
          </reporter-output>
        </test-method> <!-- openBrowser -->
        <test-method is-config="true" signature="login()[pri:0, instance:com.goodreads.testscript.BookModule@1ed1993a]" started-at="2023-06-16T14:19:32 IST" name="login" finished-at="2023-06-16T14:20:07 IST" duration-ms="34957" status="PASS">
          <reporter-output>
          </reporter-output>
        </test-method> <!-- login -->
        <test-method signature="testAddAndRemoveBook()[pri:0, instance:com.goodreads.testscript.BookModule@1ed1993a]" started-at="2023-06-16T14:20:07 IST" name="testAddAndRemoveBook" finished-at="2023-06-16T14:20:26 IST" duration-ms="18929" status="PASS">
          <reporter-output>
          </reporter-output>
        </test-method> <!-- testAddAndRemoveBook -->
        <test-method is-config="true" signature="logout()[pri:0, instance:com.goodreads.testscript.BookModule@1ed1993a]" started-at="2023-06-16T14:20:26 IST" name="logout" finished-at="2023-06-16T14:20:31 IST" duration-ms="4670" status="PASS">
          <reporter-output>
          </reporter-output>
        </test-method> <!-- logout -->
        <test-method is-config="true" signature="closeBrowser()[pri:0, instance:com.goodreads.testscript.BookModule@1ed1993a]" started-at="2023-06-16T14:20:31 IST" name="closeBrowser" finished-at="2023-06-16T14:20:31 IST" duration-ms="370" status="PASS">
          <reporter-output>
          </reporter-output>
        </test-method> <!-- closeBrowser -->
      </class> <!-- com.goodreads.testscript.BookModule -->
    </test> <!-- Default test -->
  </suite> <!-- Default suite -->
</testng-results>
